C51 COMPILER V9.60.7.0   EXAM1_C                                                           04/16/2026 16:15:11 PAGE 1   


C51 COMPILER V9.60.7.0, COMPILATION OF MODULE EXAM1_C
OBJECT MODULE PLACED IN .\Objects\exam1_c.obj
COMPILER INVOKED BY: C:\Keil_v5\C51\BIN\C51.EXE exam1_c.c OPTIMIZE(8,SPEED) BROWSE DEBUG OBJECTEXTEND PRINT(.\Listings\e
                    -xam1_c.lst) TABS(2) OBJECT(.\Objects\exam1_c.obj)

line level    source

   1          #include <REGX51.H>
   2          
   3          typedef unsigned char u8;
   4          
   5          /* =========================
   6             LED 資料表
   7             每 4 bytes = 一個畫面
   8             依序輸出到 P0, P1, P2, P3
   9             ========================= */
  10          
  11          const u8 LED_TABLE_FIRST[] = {
  12              0xF0, 0xF0, 0xF0, 0xF0,
  13              0x0F, 0x0F, 0x0F, 0x0F,
  14              0xFF, 0x00, 0x00, 0xFF,
  15              0x00, 0xFF, 0xFF, 0x00,
  16              0xFF, 0xFF, 0xFF, 0xFF};
  17          
  18          const u8 LED_TABLE_SECOND[] = {
  19              0xAA, 0xAA, 0xAA, 0xAA,
  20              0x55, 0x55, 0x55, 0x55,
  21              0xCC, 0xCC, 0xCC, 0xCC,
  22              0xE3, 0x8E, 0x38, 0xE3,
  23              0x1C, 0x71, 0xC7, 0x1C,
  24              0x00, 0x00, 0x00, 0x00};
  25          
  26          const u8 LED_TABLE_THIRD[] = {
  27              0x88, 0x88, 0x88, 0x88,
  28              0xCC, 0xCC, 0xCC, 0xCC,
  29              0xEE, 0xEE, 0xEE, 0xEE,
  30              0xFF, 0xFF, 0xFF, 0xFF};
  31          
  32          /* =========================
  33             延遲副程式
  34             ========================= */
  35          
  36          void DELAY_05S(void)
  37          {
  38   1          u8 r7, r6, r5;
  39   1      
  40   1          for (r7 = 5; r7 > 0; r7--)
  41   1          {
  42   2              for (r6 = 200; r6 > 0; r6--)
  43   2              {
  44   3                  for (r5 = 248; r5 > 0; r5--)
  45   3                  {
  46   4                      ; // 對應組語中的 NOP / 空迴圈
  47   4                  }
  48   3              }
  49   2          }
  50   1      }
  51          
  52          void DELAY_01S(void)
  53          {
  54   1          u8 r7, r6, r5;
C51 COMPILER V9.60.7.0   EXAM1_C                                                           04/16/2026 16:15:11 PAGE 2   

  55   1      
  56   1          for (r7 = 1; r7 > 0; r7--)
  57   1          {
  58   2              for (r6 = 200; r6 > 0; r6--)
  59   2              {
  60   3                  for (r5 = 248; r5 > 0; r5--)
  61   3                  {
  62   4                      ;
  63   4                  }
  64   3              }
  65   2          }
  66   1      }
  67          
  68          void DELAY_025S(void)
  69          {
  70   1          u8 r7, r6, r5;
  71   1      
  72   1          for (r7 = 5; r7 > 0; r7--)
  73   1          {
  74   2              for (r6 = 100; r6 > 0; r6--)
  75   2              {
  76   3                  for (r5 = 248; r5 > 0; r5--)
  77   3                  {
  78   4                      ; // 對應組語中的 NOP / 空迴圈
  79   4                  }
  80   3              }
  81   2          }
  82   1      }
  83          /* =========================
  84             顯示一個畫面
  85             ptr 指向 4 個 bytes
  86             ========================= */
  87          
  88          void SHOW_FRAME(const u8 *ptr)
  89          {
  90   1          P0 = ptr[0];
  91   1          P1 = ptr[1];
  92   1          P2 = ptr[2];
  93   1          P3 = ptr[3];
  94   1      }
  95          
  96          /* =========================
  97             主程式
  98             ========================= */
  99          
 100          void main(void)
 101          {
 102   1          u8 i;
 103   1          const u8 *ptr;
 104   1      
 105   1          while (1)
 106   1          {
 107   2              /* FIRST */
 108   2              ptr = LED_TABLE_FIRST;
 109   2              for (i = 0; i < 8; i++)
 110   2              {
 111   3                  SHOW_FRAME(ptr);
 112   3                  ptr += 4;
 113   3                  DELAY_01S();
 114   3              }
 115   2      
 116   2              /* SECOND */
C51 COMPILER V9.60.7.0   EXAM1_C                                                           04/16/2026 16:15:11 PAGE 3   

 117   2              ptr = LED_TABLE_SECOND;
 118   2              for (i = 0; i < 3; i++)
 119   2              {
 120   3                  SHOW_FRAME(ptr);
 121   3                  ptr += 4;
 122   3                  DELAY_025S();
 123   3              }
 124   2      
 125   2              /* THIRD */
 126   2              ptr = LED_TABLE_THIRD;
 127   2              for (i = 0; i < 8; i++)
 128   2              {
 129   3                  SHOW_FRAME(ptr);
 130   3                  ptr += 4;
 131   3                  DELAY_05S();
 132   3              }
 133   2          }
 134   1      }


MODULE INFORMATION:   STATIC OVERLAYABLE
   CODE SIZE        =    176    ----
   CONSTANT SIZE    =   ----    ----
   XDATA SIZE       =   ----    ----
   PDATA SIZE       =   ----    ----
   DATA SIZE        =     60       3
   IDATA SIZE       =   ----    ----
   BIT SIZE         =   ----    ----
END OF MODULE INFORMATION.


C51 COMPILATION COMPLETE.  0 WARNING(S),  0 ERROR(S)
