A51 MACRO ASSEMBLER  EXAM1_2                                                              04/16/2026 16:17:28 PAGE     1


MACRO ASSEMBLER A51 V8.2.7.0
OBJECT MODULE PLACED IN .\Objects\exam1_2.obj
ASSEMBLER INVOKED BY: C:\Keil_v5\C51\BIN\A51.EXE exam1_2.A51 SET(SMALL) DEBUG PRINT(.\Listings\exam1_2.lst) OBJECT(.\Obj
                      ects\exam1_2.obj) EP

LOC  OBJ            LINE     SOURCE

                       1     ;***********************************************************; 
                       2     ;程式名稱 : HW2Led-A5;  
                       3     ;功  能  : 廣告燈;  
                       4     ;說  明  : 使用建表的方式製作廣告燈; 
                       5     ;開關設定 : 無;
                       6     ;***********************************************************
0000                   7             ORG     00H
0000 802E              8             JMP     FIRST
0030                   9             ORG     30H
0030                  10     FIRST:
0030 7805             11             MOV     R0,#5          ; R0 : 迴圈計數
0032 9000BB           12             MOV     DPTR,#LED_TABLE_FIRST ; DPTR 指向 LED 顯示資料表
0035                  13     d1:
0035 118D             14             CALL    READ_LEDCODE    ; 讀LED 碼
0037 F580             15             MOV     P0,A            ; 將LED 碼 送到PORT-0
0039 A3               16             INC     DPTR            ; 指向下一筆 LED 顯示資料
003A 118D             17             CALL    READ_LEDCODE    ; 讀LED 碼 
003C F590             18             MOV     P1,A            ; 將LED 碼 送到PORT-1
003E A3               19             INC     DPTR            ; 指向下一筆 LED 顯示資料
003F 118D             20             CALL    READ_LEDCODE    ; 讀LED 碼
0041 F5A0             21             MOV     P2,A            ; 將LED 碼 送到PORT-2
0043 A3               22             INC     DPTR            ; 指向下一筆 LED 顯示資料
0044 118D             23             CALL    READ_LEDCODE    ; 讀LED 碼
0046 F5B0             24             MOV     P3,A            ; 將LED 碼 送到PORT-3
0048 A3               25             INC     DPTR            ; 指向下一筆 LED 顯示資料
0049 11AD             26             CALL    DELAY_01S      ; 延遲時間 0.1 SECOND
004B D8E8             27             DJNZ    R0,d1
004D 8000             28             JMP     SECOND;
                      29     
004F                  30     SECOND:
004F 7907             31             MOV     R1,#7          ; R1 : 迴圈計數
0051 9000CF           32             MOV     DPTR,#LED_TABLE_SECOND ; DPTR 指向 LED 顯示資料表
0054                  33     d2:
0054 118D             34             CALL    READ_LEDCODE    ; 讀LED 碼
0056 F580             35             MOV     P0,A            ; 將LED 碼 送到PORT-0
0058 A3               36             INC     DPTR            ; 指向下一筆 LED 顯示資料
0059 118D             37             CALL    READ_LEDCODE    ; 讀LED 碼
005B F590             38             MOV     P1,A            ; 將LED 碼 送到PORT-1
005D A3               39             INC     DPTR            ; 指向下一筆 LED 顯示資料
005E 118D             40             CALL    READ_LEDCODE    ; 讀LED 碼
0060 F5A0             41             MOV     P2,A            ; 將LED 碼 送到PORT-2
0062 A3               42             INC     DPTR            ; 指向下一筆 LED 顯示資料
0063 118D             43             CALL    READ_LEDCODE    ; 讀LED 碼
0065 F5B0             44             MOV     P3,A            ; 將LED 碼 送到PORT-3
0067 A3               45             INC     DPTR            ; 指向下一筆 LED 顯示資料
0068 119F             46             CALL    DELAY_25S      ; 延遲時間 0.5 SECOND
006A D9E8             47             DJNZ    R1,d2
006C 8000             48             JMP     THIRD;
                      49     
006E                  50     THIRD:
006E 7A04             51             MOV     R2,#4          ; R2 : 迴圈計數
0070 9000E7           52             MOV     DPTR,#LED_TABLE_THIRD ; DPTR 指向 LED 顯示資料表
0073                  53     d3:
0073 118D             54             CALL    READ_LEDCODE    ; 讀LED 碼
0075 F580             55             MOV     P0,A            ; 將LED 碼 送到PORT-0
0077 A3               56             INC     DPTR            ; 指向下一筆 LED 顯示資料
0078 118D             57             CALL    READ_LEDCODE    ; 讀LED 碼
A51 MACRO ASSEMBLER  EXAM1_2                                                              04/16/2026 16:17:28 PAGE     2

007A F590             58             MOV     P1,A            ; 將LED 碼 送到PORT-1
007C A3               59             INC     DPTR            ; 指向下一筆 LED 顯示資料
007D 118D             60             CALL    READ_LEDCODE    ; 讀LED 碼
007F F5A0             61             MOV     P2,A            ; 將LED 碼 送到PORT-2
0081 A3               62             INC     DPTR            ; 指向下一筆 LED 顯示資料
0082 118D             63             CALL    READ_LEDCODE    ; 讀LED 碼
0084 F5B0             64             MOV     P3,A            ; 將LED 碼 送到PORT-3
0086 A3               65             INC     DPTR            ; 指向下一筆 LED 顯示資料
0087 1191             66             CALL    DELAY_05S      ; 延遲時間 0.5 SECOND
0089 DAE8             67             DJNZ    R2,d3
008B 80A3             68             JMP     FIRST;
                      69     
                      70     
                      71     ;@@@@@@@@@@@@@@@@@@@@@@@@@@@@@@@@@@@@@@@@@@@@
                      72     ; 副程式名稱 ︰ READ_LEDCODE
                      73     ; 功  能    ︰ 讀LED 碼儲存在累積器 ACC 中
                      74     ;使用暫存器  ︰ A,DPTR
                      75     ;@@@@@@@@@@@@@@@@@@@@@@@@@@@@@@@@@@@@@@@@@@@@
                      76     
                      77     
                      78     
008D                  79     READ_LEDCODE:
008D 7400             80             MOV     A,#0            ;
008F 93               81             MOVC    A,@A+DPTR       ; 將查表所得之資料送至 P0
0090 22               82             RET;
                      83     
                      84     
                      85     
                      86     ;@@@@@@@@@@@@@@@@@@@@@@@@@@@@@@@@@@@@@@@@@@@@
                      87     ; 副程式名稱 ︰ DELAY_05S
                      88     ;  功  能    ︰ 延遲時間 0.5 SECOND
                      89     ;使用暫存器  ︰ R7,R6,R5
                      90     ;延遲時間    T=1+R7*[1+R6*(1+R5*2+2)+2]+2
                      91     ;             =1+5*[1+200*(1+1+248*2+2)+2]+2
                      92     ;             =500018 us = 0.5 SEC
                      93     ;@@@@@@@@@@@@@@@@@@@@@@@@@@@@@@@@@@@@@@@@@@@@
                      94     
0091                  95     DELAY_05S:
0091 7F05             96             MOV     R7,#05
0093                  97     a3:        
0093 7EC8             98             MOV     R6,#200  ; 需要１個機械週期
0095                  99     a2:
0095 7DF8            100             MOV     R5,#248
0097 00              101             NOP              ; 需要１個機械週期
0098                 102     a1: 
0098 DDFE            103             DJNZ    R5,a1    ; 需要２個機械週期
009A DEF9            104             DJNZ    R6,a2
009C DFF5            105             DJNZ    R7,a3
009E 22              106             RET
                     107     
                     108     ;@@@@@@@@@@@@@@@@@@@@@@@@@@@@@@@@@@@@@@@@@@@@
                     109     ; 副程式名稱 ︰ DELAY_25S
                     110     ;  功  能    ︰ 延遲時間 0.25 SECOND
                     111     ;使用暫存器  ︰ R7,R6,R5
                     112     ;延遲時間    T=1+R7*[1+R6*(1+R5*2+2)+2]+2
                     113     ;             =1+5*[1+100*(1+1+248*2+2)+2]+2
                     114     ;             =250009 us = 0.25 SEC
                     115     ;@@@@@@@@@@@@@@@@@@@@@@@@@@@@@@@@@@@@@@@@@@@@
                     116     
009F                 117     DELAY_25S:
009F 7F05            118             MOV     R7,#05
00A1                 119     a6:        
00A1 7E64            120             MOV     R6,#100  ; 需要１個機械週期
00A3                 121     a5:
00A3 7DF8            122             MOV     R5,#248
00A5 00              123             NOP              ; 需要１個機械週期
A51 MACRO ASSEMBLER  EXAM1_2                                                              04/16/2026 16:17:28 PAGE     3

00A6                 124     a4: 
00A6 DDFE            125             DJNZ    R5,a4    ; 需要２個機械週期
00A8 DEF9            126             DJNZ    R6,a5
00AA DFF5            127             DJNZ    R7,a6
00AC 22              128             RET
                     129     
                     130     ;@@@@@@@@@@@@@@@@@@@@@@@@@@@@@@@@@@@@@@@@@@@@
                     131     ; 副程式名稱 ︰ DELAY_01S
                     132     ;  功  能    ︰ 延遲時間 0.1 SECOND
                     133     ;使用暫存器  ︰ R7,R6,R5
                     134     ;延遲時間    T=1+R7*[1+R6*(1+R5*2+2)+2]+2
                     135     ;             =1+1*[1+200*(1+1+248*2+2)+2]+2
                     136     ;             = us = 0.1 SEC
                     137     ;@@@@@@@@@@@@@@@@@@@@@@@@@@@@@@@@@@@@@@@@@@@@
                     138     
00AD                 139     DELAY_01S:
00AD 7F01            140             MOV     R7,#01
00AF                 141     a9:        
00AF 7EC8            142             MOV     R6,#200  ; 需要１個機械週期
00B1                 143     a8:
00B1 7DF8            144             MOV     R5,#248
00B3 00              145             NOP              ; 需要１個機械週期
00B4                 146     a7: 
00B4 DDFE            147             DJNZ    R5,a7    ; 需要２個機械週期
00B6 DEF9            148             DJNZ    R6,a8
00B8 DFF5            149             DJNZ    R7,a9
00BA 22              150             RET
                     151     
                     152     
                     153     
                     154     ;@@@@@@@@@@@@@@@@@@@@@@@@@@@@@@@@@@@@@@@@@@@@
                     155     ; LED_TABLE  的資料 1 表示LED 會亮
                     156     ;@@@@@@@@@@@@@@@@@@@@@@@@@@@@@@@@@@@@@@@@@@@@
                     157     
                     158     
00BB                 159     LED_TABLE_FIRST:                ; LED 顯示資料表
                     160     
00BB F0F0F0F0        161             DB      0F0H,0F0H,0F0H,0F0H        
00BF 0F0F0F0F        162             DB      0FH,0FH,0FH,0FH        
00C3 FF0000FF        163             DB      0FFH,000H,000H,0FFH        
00C7 00FFFF00        164             DB      00H,0FFH,0FFH,00H
00CB FFFFFFFF        165             DB      0FFH,0FFH,0FFH,0FFH
                     166             ;以上間隔 0.5 秒
                     167     
00CF                 168     LED_TABLE_SECOND:               ; LED 顯示資料表
                     169     
00CF AAAAAAAA        170             DB      0AAH,0AAH,0AAH,0AAH        
00D3 55555555        171             DB      55H,55H,55H,55H        
00D7 CCCCCCCC        172             DB      0CCH,0CCH,0CCH,0CCH        
00DB E38E38E3        173             DB      11100011B, 10001110B, 00111000B, 11100011B        
00DF 1C71C71C        174             DB      00011100B, 01110001B, 11000111B, 00011100B 
00E3 00000000        175             DB      00H, 00H, 00H, 00H
                     176             ;以上間隔 0.1 秒
                     177     
00E7                 178     LED_TABLE_THIRD:                ; LED 顯示資料表
                     179     
00E7 88888888        180             DB      088H,088H,088H,088H
00EB CCCCCCCC        181             DB      0CCH,0CCH,0CCH,0CCH
00EF EEEEEEEE        182             DB      0EEH,0EEH,0EEH,0EEH
00F3 FFFFFFFF        183             DB      0FFH,0FFH,0FFH,0FFH
                     184             ;以上間隔 0.5 秒
                     185     
                     186     
                     187     END
A51 MACRO ASSEMBLER  EXAM1_2                                                              04/16/2026 16:17:28 PAGE     4

SYMBOL TABLE LISTING
------ ----- -------


N A M E             T Y P E  V A L U E   ATTRIBUTES

A1 . . . . . . . .  C ADDR   0098H   A   
A2 . . . . . . . .  C ADDR   0095H   A   
A3 . . . . . . . .  C ADDR   0093H   A   
A4 . . . . . . . .  C ADDR   00A6H   A   
A5 . . . . . . . .  C ADDR   00A3H   A   
A6 . . . . . . . .  C ADDR   00A1H   A   
A7 . . . . . . . .  C ADDR   00B4H   A   
A8 . . . . . . . .  C ADDR   00B1H   A   
A9 . . . . . . . .  C ADDR   00AFH   A   
D1 . . . . . . . .  C ADDR   0035H   A   
D2 . . . . . . . .  C ADDR   0054H   A   
D3 . . . . . . . .  C ADDR   0073H   A   
DELAY_01S. . . . .  C ADDR   00ADH   A   
DELAY_05S. . . . .  C ADDR   0091H   A   
DELAY_25S. . . . .  C ADDR   009FH   A   
FIRST. . . . . . .  C ADDR   0030H   A   
LED_TABLE_FIRST. .  C ADDR   00BBH   A   
LED_TABLE_SECOND .  C ADDR   00CFH   A   
LED_TABLE_THIRD. .  C ADDR   00E7H   A   
P0 . . . . . . . .  D ADDR   0080H   A   
P1 . . . . . . . .  D ADDR   0090H   A   
P2 . . . . . . . .  D ADDR   00A0H   A   
P3 . . . . . . . .  D ADDR   00B0H   A   
READ_LEDCODE . . .  C ADDR   008DH   A   
SECOND . . . . . .  C ADDR   004FH   A   
THIRD. . . . . . .  C ADDR   006EH   A   


REGISTER BANK(S) USED: 0 


ASSEMBLY COMPLETE.  0 WARNING(S), 0 ERROR(S)
